<?xml version="1.0" encoding="UTF-8"?>
<!-- Generated by org.testng.reporters.JUnitReportReporter -->
<testsuite hostname="Shopse-396" failures="0" tests="3" name="rahulshettyacademy.tests.submitOrderTest" time="21.676" errors="0" timestamp="2024-07-25T18:16:04 GMT+05:30" skipped="0">
  <testcase classname="rahulshettyacademy.tests.submitOrderTest" name="OrderHistoryTest" time="4.758"/>
  <testcase classname="rahulshettyacademy.tests.submitOrderTest" name="submitorder" time="6.382"/>
  <testcase classname="rahulshettyacademy.tests.submitOrderTest" name="submitorder" time="10.536"/>
</testsuite> <!-- rahulshettyacademy.tests.submitOrderTest -->
